INFO:root:Optimization started for lambda: 0.008
INFO:root:Epoch: 6/200
INFO:root:Train acc: 0.397
INFO:root:Train loss: 1.121
INFO:root:Val acc: 0.331
INFO:root:Val loss: 1.101
INFO:root:Epoch: 7/200
INFO:root:Train acc: 0.410
INFO:root:Train loss: 1.115
INFO:root:Val acc: 0.337
INFO:root:Val loss: 1.101
INFO:root:Epoch: 8/200
INFO:root:Train acc: 0.418
INFO:root:Train loss: 1.112
INFO:root:Val acc: 0.333
INFO:root:Val loss: 1.101
INFO:root:Epoch: 9/200
INFO:root:Train acc: 0.432
INFO:root:Train loss: 1.109
INFO:root:Val acc: 0.331
INFO:root:Val loss: 1.101
INFO:root:Epoch: 10/200
INFO:root:Train acc: 0.445
INFO:root:Train loss: 1.105
INFO:root:Val acc: 0.332
INFO:root:Val loss: 1.101
INFO:root:Saving model weights at epoch 10
INFO:root:Saving model parameters at epoch 10
INFO:root:Epoch: 11/200
INFO:root:Train acc: 0.454
INFO:root:Train loss: 1.102
INFO:root:Val acc: 0.336
INFO:root:Val loss: 1.102
INFO:root:Epoch: 12/200
INFO:root:Train acc: 0.466
INFO:root:Train loss: 1.097
INFO:root:Val acc: 0.336
INFO:root:Val loss: 1.102
INFO:root:Epoch: 13/200
INFO:root:Train acc: 0.481
INFO:root:Train loss: 1.090
INFO:root:Val acc: 0.336
INFO:root:Val loss: 1.104
INFO:root:Epoch: 14/200
INFO:root:Train acc: 0.498
INFO:root:Train loss: 1.083
INFO:root:Val acc: 0.340
INFO:root:Val loss: 1.105
INFO:root:Epoch: 15/200
INFO:root:Train acc: 0.512
INFO:root:Train loss: 1.075
INFO:root:Val acc: 0.336
INFO:root:Val loss: 1.107
INFO:root:Saving model weights at epoch 15
INFO:root:Saving model parameters at epoch 15
INFO:root:Epoch: 16/200
INFO:root:Train acc: 0.530
INFO:root:Train loss: 1.064
INFO:root:Val acc: 0.337
INFO:root:Val loss: 1.109
INFO:root:Epoch: 17/200
INFO:root:Train acc: 0.545
INFO:root:Train loss: 1.054
INFO:root:Val acc: 0.342
INFO:root:Val loss: 1.111
INFO:root:Epoch: 18/200
INFO:root:Train acc: 0.562
INFO:root:Train loss: 1.043
INFO:root:Val acc: 0.342
INFO:root:Val loss: 1.113
INFO:root:Epoch: 19/200
INFO:root:Train acc: 0.572
INFO:root:Train loss: 1.032
INFO:root:Val acc: 0.349
INFO:root:Val loss: 1.116
INFO:root:Epoch: 20/200
INFO:root:Train acc: 0.590
INFO:root:Train loss: 1.020
INFO:root:Val acc: 0.347
INFO:root:Val loss: 1.120
INFO:root:Saving model weights at epoch 20
INFO:root:Saving model parameters at epoch 20
INFO:root:Epoch: 21/200
INFO:root:Train acc: 0.605
INFO:root:Train loss: 1.006
INFO:root:Val acc: 0.349
INFO:root:Val loss: 1.123
INFO:root:Epoch: 22/200
INFO:root:Train acc: 0.619
INFO:root:Train loss: 0.993
INFO:root:Val acc: 0.348
INFO:root:Val loss: 1.127
INFO:root:Epoch: 23/200
INFO:root:Train acc: 0.633
INFO:root:Train loss: 0.980
INFO:root:Val acc: 0.353
INFO:root:Val loss: 1.130
INFO:root:Epoch: 24/200
INFO:root:Train acc: 0.648
INFO:root:Train loss: 0.967
INFO:root:Val acc: 0.356
INFO:root:Val loss: 1.136
INFO:root:Epoch: 25/200
INFO:root:Train acc: 0.657
INFO:root:Train loss: 0.954
INFO:root:Val acc: 0.357
INFO:root:Val loss: 1.139
INFO:root:Saving model weights at epoch 25
INFO:root:Saving model parameters at epoch 25
INFO:root:Epoch: 26/200
INFO:root:Train acc: 0.669
INFO:root:Train loss: 0.940
INFO:root:Val acc: 0.351
INFO:root:Val loss: 1.144
INFO:root:Epoch: 27/200
INFO:root:Train acc: 0.680
INFO:root:Train loss: 0.927
INFO:root:Val acc: 0.355
INFO:root:Val loss: 1.149
INFO:root:Epoch: 28/200
INFO:root:Train acc: 0.689
INFO:root:Train loss: 0.915
INFO:root:Val acc: 0.355
INFO:root:Val loss: 1.155
INFO:root:Epoch: 29/200
INFO:root:Train acc: 0.700
INFO:root:Train loss: 0.901
INFO:root:Val acc: 0.356
INFO:root:Val loss: 1.162
INFO:root:Epoch: 30/200
INFO:root:Train acc: 0.706
INFO:root:Train loss: 0.889
INFO:root:Val acc: 0.356
INFO:root:Val loss: 1.168
INFO:root:Saving model weights at epoch 30
INFO:root:Saving model parameters at epoch 30
INFO:root:Epoch: 31/200
INFO:root:Train acc: 0.716
INFO:root:Train loss: 0.875
INFO:root:Val acc: 0.357
INFO:root:Val loss: 1.176
INFO:root:Epoch: 32/200
INFO:root:Train acc: 0.725
INFO:root:Train loss: 0.862
INFO:root:Val acc: 0.356
INFO:root:Val loss: 1.183
INFO:root:Epoch: 33/200
INFO:root:Train acc: 0.731
INFO:root:Train loss: 0.853
INFO:root:Val acc: 0.357
INFO:root:Val loss: 1.190
INFO:root:Epoch: 34/200
INFO:root:Train acc: 0.740
INFO:root:Train loss: 0.841
INFO:root:Val acc: 0.354
INFO:root:Val loss: 1.198
INFO:root:Epoch: 35/200
INFO:root:Train acc: 0.748
INFO:root:Train loss: 0.826
INFO:root:Val acc: 0.358
INFO:root:Val loss: 1.207
INFO:root:Saving model weights at epoch 35
INFO:root:Saving model parameters at epoch 35
INFO:root:Epoch: 36/200
INFO:root:Train acc: 0.750
INFO:root:Train loss: 0.818
INFO:root:Val acc: 0.354
INFO:root:Val loss: 1.215
INFO:root:Epoch: 37/200
INFO:root:Train acc: 0.759
INFO:root:Train loss: 0.806
INFO:root:Val acc: 0.358
INFO:root:Val loss: 1.224
INFO:root:Epoch: 38/200
INFO:root:Train acc: 0.763
INFO:root:Train loss: 0.799
INFO:root:Val acc: 0.357
INFO:root:Val loss: 1.233
INFO:root:Epoch: 39/200
INFO:root:Train acc: 0.769
INFO:root:Train loss: 0.788
INFO:root:Val acc: 0.356
INFO:root:Val loss: 1.242
INFO:root:Epoch: 40/200
INFO:root:Train acc: 0.772
INFO:root:Train loss: 0.778
INFO:root:Val acc: 0.356
INFO:root:Val loss: 1.250
INFO:root:Saving model weights at epoch 40
INFO:root:Saving model parameters at epoch 40
INFO:root:Epoch: 41/200
INFO:root:Train acc: 0.780
INFO:root:Train loss: 0.767
INFO:root:Val acc: 0.353
INFO:root:Val loss: 1.260
INFO:root:Epoch: 42/200
INFO:root:Train acc: 0.788
INFO:root:Train loss: 0.760
INFO:root:Val acc: 0.354
INFO:root:Val loss: 1.270
INFO:root:Epoch: 43/200
INFO:root:Train acc: 0.790
INFO:root:Train loss: 0.751
INFO:root:Val acc: 0.355
INFO:root:Val loss: 1.280
INFO:root:Epoch: 44/200
INFO:root:Train acc: 0.797
INFO:root:Train loss: 0.739
INFO:root:Val acc: 0.353
INFO:root:Val loss: 1.290
INFO:root:Epoch: 45/200
INFO:root:Train acc: 0.800
INFO:root:Train loss: 0.733
INFO:root:Val acc: 0.350
INFO:root:Val loss: 1.300
INFO:root:Saving model weights at epoch 45
INFO:root:Saving model parameters at epoch 45
INFO:root:Epoch: 46/200
INFO:root:Train acc: 0.803
INFO:root:Train loss: 0.728
INFO:root:Val acc: 0.352
INFO:root:Val loss: 1.310
INFO:root:Epoch: 47/200
INFO:root:Train acc: 0.810
INFO:root:Train loss: 0.714
INFO:root:Val acc: 0.354
INFO:root:Val loss: 1.321
INFO:root:Epoch: 48/200
INFO:root:Train acc: 0.814
INFO:root:Train loss: 0.706
INFO:root:Val acc: 0.352
INFO:root:Val loss: 1.331
INFO:root:Epoch: 49/200
INFO:root:Train acc: 0.815
INFO:root:Train loss: 0.704
INFO:root:Val acc: 0.350
INFO:root:Val loss: 1.343
INFO:root:Epoch: 50/200
INFO:root:Train acc: 0.820
INFO:root:Train loss: 0.694
INFO:root:Val acc: 0.351
INFO:root:Val loss: 1.353
INFO:root:Saving model weights at epoch 50
INFO:root:Saving model parameters at epoch 50
INFO:root:Epoch: 51/200
INFO:root:Train acc: 0.827
INFO:root:Train loss: 0.685
INFO:root:Val acc: 0.352
INFO:root:Val loss: 1.366
INFO:root:Epoch: 52/200
INFO:root:Train acc: 0.830
INFO:root:Train loss: 0.678
INFO:root:Val acc: 0.350
INFO:root:Val loss: 1.375
INFO:root:Epoch: 53/200
INFO:root:Train acc: 0.834
INFO:root:Train loss: 0.671
INFO:root:Val acc: 0.351
INFO:root:Val loss: 1.387
INFO:root:Epoch: 54/200
INFO:root:Train acc: 0.836
INFO:root:Train loss: 0.667
INFO:root:Val acc: 0.351
INFO:root:Val loss: 1.397
INFO:root:Epoch: 55/200
INFO:root:Train acc: 0.842
INFO:root:Train loss: 0.656
INFO:root:Val acc: 0.349
INFO:root:Val loss: 1.408
INFO:root:Saving model weights at epoch 55
INFO:root:Saving model parameters at epoch 55
INFO:root:Epoch: 56/200
INFO:root:Train acc: 0.842
INFO:root:Train loss: 0.654
INFO:root:Val acc: 0.351
INFO:root:Val loss: 1.418
INFO:root:Epoch: 57/200
INFO:root:Train acc: 0.848
INFO:root:Train loss: 0.646
INFO:root:Val acc: 0.353
INFO:root:Val loss: 1.429
INFO:root:Epoch: 58/200
INFO:root:Train acc: 0.852
INFO:root:Train loss: 0.637
INFO:root:Val acc: 0.351
INFO:root:Val loss: 1.441
INFO:root:Epoch: 59/200
INFO:root:Train acc: 0.855
INFO:root:Train loss: 0.634
INFO:root:Val acc: 0.351
INFO:root:Val loss: 1.452
INFO:root:Epoch: 60/200
INFO:root:Train acc: 0.859
INFO:root:Train loss: 0.628
INFO:root:Val acc: 0.351
INFO:root:Val loss: 1.463
INFO:root:Saving model weights at epoch 60
INFO:root:Saving model parameters at epoch 60
INFO:root:Epoch: 61/200
INFO:root:Train acc: 0.863
INFO:root:Train loss: 0.622
INFO:root:Val acc: 0.354
INFO:root:Val loss: 1.474
INFO:root:Epoch: 62/200
INFO:root:Train acc: 0.867
INFO:root:Train loss: 0.614
INFO:root:Val acc: 0.352
INFO:root:Val loss: 1.486
INFO:root:Epoch: 63/200
INFO:root:Train acc: 0.866
INFO:root:Train loss: 0.611
INFO:root:Val acc: 0.353
INFO:root:Val loss: 1.498
INFO:root:Epoch: 64/200
INFO:root:Train acc: 0.872
INFO:root:Train loss: 0.605
INFO:root:Val acc: 0.353
INFO:root:Val loss: 1.509
INFO:root:Epoch: 65/200
INFO:root:Train acc: 0.874
INFO:root:Train loss: 0.600
INFO:root:Val acc: 0.353
INFO:root:Val loss: 1.524
INFO:root:Saving model weights at epoch 65
INFO:root:Saving model parameters at epoch 65
INFO:root:Epoch: 66/200
INFO:root:Train acc: 0.879
INFO:root:Train loss: 0.595
INFO:root:Val acc: 0.354
INFO:root:Val loss: 1.536
INFO:root:Epoch: 67/200
INFO:root:Train acc: 0.882
INFO:root:Train loss: 0.590
INFO:root:Val acc: 0.355
INFO:root:Val loss: 1.546
INFO:root:Epoch: 68/200
INFO:root:Train acc: 0.883
INFO:root:Train loss: 0.584
INFO:root:Val acc: 0.353
INFO:root:Val loss: 1.558
INFO:root:Epoch: 69/200
INFO:root:Train acc: 0.887
INFO:root:Train loss: 0.579
INFO:root:Val acc: 0.353
INFO:root:Val loss: 1.569
INFO:root:Epoch: 70/200
INFO:root:Train acc: 0.891
INFO:root:Train loss: 0.571
INFO:root:Val acc: 0.356
INFO:root:Val loss: 1.582
INFO:root:Saving model weights at epoch 70
INFO:root:Saving model parameters at epoch 70
INFO:root:Epoch: 71/200
INFO:root:Train acc: 0.895
INFO:root:Train loss: 0.568
INFO:root:Val acc: 0.352
INFO:root:Val loss: 1.594
INFO:root:Epoch: 72/200
INFO:root:Train acc: 0.896
INFO:root:Train loss: 0.565
INFO:root:Val acc: 0.355
INFO:root:Val loss: 1.607
INFO:root:Epoch: 73/200
INFO:root:Train acc: 0.899
INFO:root:Train loss: 0.559
INFO:root:Val acc: 0.355
INFO:root:Val loss: 1.621
INFO:root:Epoch: 74/200
INFO:root:Train acc: 0.900
INFO:root:Train loss: 0.556
INFO:root:Val acc: 0.353
INFO:root:Val loss: 1.633
INFO:root:Epoch: 75/200
INFO:root:Train acc: 0.904
INFO:root:Train loss: 0.551
INFO:root:Val acc: 0.353
INFO:root:Val loss: 1.646
INFO:root:Saving model weights at epoch 75
INFO:root:Saving model parameters at epoch 75
INFO:root:Epoch: 76/200
INFO:root:Train acc: 0.906
INFO:root:Train loss: 0.548
INFO:root:Val acc: 0.354
INFO:root:Val loss: 1.658
INFO:root:Epoch: 77/200
INFO:root:Train acc: 0.908
INFO:root:Train loss: 0.545
INFO:root:Val acc: 0.353
INFO:root:Val loss: 1.671
INFO:root:Epoch: 78/200
INFO:root:Train acc: 0.915
INFO:root:Train loss: 0.537
INFO:root:Val acc: 0.354
INFO:root:Val loss: 1.685
INFO:root:Epoch: 79/200
INFO:root:Train acc: 0.914
INFO:root:Train loss: 0.534
INFO:root:Val acc: 0.354
INFO:root:Val loss: 1.699
INFO:root:Epoch: 80/200
INFO:root:Train acc: 0.916
INFO:root:Train loss: 0.530
INFO:root:Val acc: 0.357
INFO:root:Val loss: 1.711
INFO:root:Saving model weights at epoch 80
INFO:root:Saving model parameters at epoch 80
INFO:root:Epoch: 81/200
INFO:root:Train acc: 0.919
INFO:root:Train loss: 0.525
INFO:root:Val acc: 0.357
INFO:root:Val loss: 1.722
INFO:root:Epoch: 82/200
INFO:root:Train acc: 0.922
INFO:root:Train loss: 0.521
INFO:root:Val acc: 0.354
INFO:root:Val loss: 1.735
INFO:root:Epoch: 83/200
INFO:root:Train acc: 0.923
INFO:root:Train loss: 0.517
INFO:root:Val acc: 0.355
INFO:root:Val loss: 1.748
INFO:root:Epoch: 84/200
INFO:root:Train acc: 0.927
INFO:root:Train loss: 0.513
INFO:root:Val acc: 0.355
INFO:root:Val loss: 1.762
INFO:root:Epoch: 85/200
INFO:root:Train acc: 0.926
INFO:root:Train loss: 0.512
INFO:root:Val acc: 0.355
INFO:root:Val loss: 1.776
INFO:root:Saving model weights at epoch 85
INFO:root:Saving model parameters at epoch 85
INFO:root:Epoch: 86/200
INFO:root:Train acc: 0.929
INFO:root:Train loss: 0.509
INFO:root:Val acc: 0.354
INFO:root:Val loss: 1.789
INFO:root:Epoch: 87/200
INFO:root:Train acc: 0.931
INFO:root:Train loss: 0.504
INFO:root:Val acc: 0.357
INFO:root:Val loss: 1.801
INFO:root:Epoch: 88/200
INFO:root:Train acc: 0.935
INFO:root:Train loss: 0.499
INFO:root:Val acc: 0.356
INFO:root:Val loss: 1.815
INFO:root:Epoch: 89/200
INFO:root:Train acc: 0.936
INFO:root:Train loss: 0.497
INFO:root:Val acc: 0.357
INFO:root:Val loss: 1.828
INFO:root:Epoch: 90/200
INFO:root:Train acc: 0.937
INFO:root:Train loss: 0.493
INFO:root:Val acc: 0.358
INFO:root:Val loss: 1.839
INFO:root:Saving model weights at epoch 90
INFO:root:Saving model parameters at epoch 90
INFO:root:Epoch: 91/200
INFO:root:Train acc: 0.939
INFO:root:Train loss: 0.489
INFO:root:Val acc: 0.356
INFO:root:Val loss: 1.854
INFO:root:Epoch: 92/200
INFO:root:Train acc: 0.942
INFO:root:Train loss: 0.484
INFO:root:Val acc: 0.356
INFO:root:Val loss: 1.866
INFO:root:Epoch: 93/200
INFO:root:Train acc: 0.943
INFO:root:Train loss: 0.482
INFO:root:Val acc: 0.357
INFO:root:Val loss: 1.878
INFO:root:Epoch: 94/200
INFO:root:Train acc: 0.944
INFO:root:Train loss: 0.482
INFO:root:Val acc: 0.358
INFO:root:Val loss: 1.892
INFO:root:Epoch: 95/200
INFO:root:Train acc: 0.945
INFO:root:Train loss: 0.479
INFO:root:Val acc: 0.356
INFO:root:Val loss: 1.904
INFO:root:Saving model weights at epoch 95
INFO:root:Saving model parameters at epoch 95
INFO:root:Epoch: 96/200
INFO:root:Train acc: 0.948
INFO:root:Train loss: 0.474
INFO:root:Val acc: 0.356
INFO:root:Val loss: 1.917
INFO:root:Epoch: 97/200
INFO:root:Train acc: 0.950
INFO:root:Train loss: 0.471
INFO:root:Val acc: 0.354
INFO:root:Val loss: 1.933
INFO:root:Epoch: 98/200
INFO:root:Train acc: 0.950
INFO:root:Train loss: 0.469
INFO:root:Val acc: 0.356
INFO:root:Val loss: 1.944
INFO:root:Epoch: 99/200
INFO:root:Train acc: 0.953
INFO:root:Train loss: 0.466
INFO:root:Val acc: 0.356
INFO:root:Val loss: 1.958
INFO:root:Epoch: 100/200
INFO:root:Train acc: 0.954
INFO:root:Train loss: 0.463
INFO:root:Val acc: 0.355
INFO:root:Val loss: 1.970
INFO:root:Saving model weights at epoch 100
INFO:root:Saving model parameters at epoch 100
INFO:root:Epoch: 101/200
INFO:root:Train acc: 0.955
INFO:root:Train loss: 0.461
INFO:root:Val acc: 0.353
INFO:root:Val loss: 1.984
INFO:root:Epoch: 102/200
INFO:root:Train acc: 0.957
INFO:root:Train loss: 0.458
INFO:root:Val acc: 0.354
INFO:root:Val loss: 1.999
INFO:root:Epoch: 103/200
INFO:root:Train acc: 0.959
INFO:root:Train loss: 0.458
INFO:root:Val acc: 0.356
INFO:root:Val loss: 2.011
INFO:root:Epoch: 104/200
INFO:root:Train acc: 0.959
INFO:root:Train loss: 0.454
INFO:root:Val acc: 0.357
INFO:root:Val loss: 2.023
INFO:root:Epoch: 105/200
INFO:root:Train acc: 0.961
INFO:root:Train loss: 0.451
INFO:root:Val acc: 0.359
INFO:root:Val loss: 2.039
INFO:root:Saving model weights at epoch 105
INFO:root:Saving model parameters at epoch 105
INFO:root:Epoch: 106/200
INFO:root:Train acc: 0.963
INFO:root:Train loss: 0.448
INFO:root:Val acc: 0.355
INFO:root:Val loss: 2.055
INFO:root:Epoch: 107/200
INFO:root:Train acc: 0.964
INFO:root:Train loss: 0.447
INFO:root:Val acc: 0.355
INFO:root:Val loss: 2.067
INFO:root:Epoch: 108/200
INFO:root:Train acc: 0.966
INFO:root:Train loss: 0.445
INFO:root:Val acc: 0.355
INFO:root:Val loss: 2.080
INFO:root:Epoch: 109/200
INFO:root:Train acc: 0.967
INFO:root:Train loss: 0.441
INFO:root:Val acc: 0.352
INFO:root:Val loss: 2.093
INFO:root:Epoch: 110/200
INFO:root:Train acc: 0.967
INFO:root:Train loss: 0.439
INFO:root:Val acc: 0.354
INFO:root:Val loss: 2.108
INFO:root:Saving model weights at epoch 110
INFO:root:Saving model parameters at epoch 110
INFO:root:Epoch: 111/200
INFO:root:Train acc: 0.968
INFO:root:Train loss: 0.437
INFO:root:Val acc: 0.354
INFO:root:Val loss: 2.122
INFO:root:Epoch: 112/200
INFO:root:Train acc: 0.970
INFO:root:Train loss: 0.435
INFO:root:Val acc: 0.354
INFO:root:Val loss: 2.135
INFO:root:Epoch: 113/200
INFO:root:Train acc: 0.969
INFO:root:Train loss: 0.433
INFO:root:Val acc: 0.356
INFO:root:Val loss: 2.147
INFO:root:Epoch: 114/200
INFO:root:Train acc: 0.970
INFO:root:Train loss: 0.432
INFO:root:Val acc: 0.354
INFO:root:Val loss: 2.159
INFO:root:Epoch: 115/200
INFO:root:Train acc: 0.974
INFO:root:Train loss: 0.427
INFO:root:Val acc: 0.355
INFO:root:Val loss: 2.172
INFO:root:Saving model weights at epoch 115
INFO:root:Saving model parameters at epoch 115
INFO:root:Epoch: 116/200
INFO:root:Train acc: 0.974
INFO:root:Train loss: 0.427
INFO:root:Val acc: 0.353
INFO:root:Val loss: 2.186
INFO:root:Epoch: 117/200
INFO:root:Train acc: 0.975
INFO:root:Train loss: 0.426
INFO:root:Val acc: 0.354
INFO:root:Val loss: 2.199
INFO:root:Epoch: 118/200
INFO:root:Train acc: 0.977
INFO:root:Train loss: 0.423
INFO:root:Val acc: 0.354
INFO:root:Val loss: 2.214
INFO:root:Epoch: 119/200
INFO:root:Train acc: 0.977
INFO:root:Train loss: 0.421
INFO:root:Val acc: 0.355
INFO:root:Val loss: 2.226
INFO:root:Epoch: 120/200
INFO:root:Train acc: 0.977
INFO:root:Train loss: 0.419
INFO:root:Val acc: 0.356
INFO:root:Val loss: 2.239
INFO:root:Saving model weights at epoch 120
INFO:root:Saving model parameters at epoch 120
INFO:root:Epoch: 121/200
INFO:root:Train acc: 0.978
INFO:root:Train loss: 0.417
INFO:root:Val acc: 0.357
INFO:root:Val loss: 2.254
INFO:root:Epoch: 122/200
INFO:root:Train acc: 0.978
INFO:root:Train loss: 0.416
INFO:root:Val acc: 0.357
INFO:root:Val loss: 2.267
INFO:root:Epoch: 123/200
INFO:root:Train acc: 0.980
INFO:root:Train loss: 0.414
INFO:root:Val acc: 0.357
INFO:root:Val loss: 2.280
INFO:root:Epoch: 124/200
INFO:root:Train acc: 0.981
INFO:root:Train loss: 0.411
INFO:root:Val acc: 0.359
INFO:root:Val loss: 2.294
INFO:root:Epoch: 125/200
INFO:root:Train acc: 0.981
INFO:root:Train loss: 0.411
INFO:root:Val acc: 0.358
INFO:root:Val loss: 2.307
INFO:root:Saving model weights at epoch 125
INFO:root:Saving model parameters at epoch 125
INFO:root:Epoch: 126/200
INFO:root:Train acc: 0.982
INFO:root:Train loss: 0.408
INFO:root:Val acc: 0.359
INFO:root:Val loss: 2.319
INFO:root:Epoch: 127/200
INFO:root:Train acc: 0.983
INFO:root:Train loss: 0.406
INFO:root:Val acc: 0.357
INFO:root:Val loss: 2.334
INFO:root:Epoch: 128/200
INFO:root:Train acc: 0.983
INFO:root:Train loss: 0.406
INFO:root:Val acc: 0.357
INFO:root:Val loss: 2.348
INFO:root:Epoch: 129/200
INFO:root:Train acc: 0.984
INFO:root:Train loss: 0.404
INFO:root:Val acc: 0.357
INFO:root:Val loss: 2.361
INFO:root:Epoch: 130/200
INFO:root:Train acc: 0.985
INFO:root:Train loss: 0.403
INFO:root:Val acc: 0.356
INFO:root:Val loss: 2.376
INFO:root:Saving model weights at epoch 130
INFO:root:Saving model parameters at epoch 130
INFO:root:Epoch: 131/200
INFO:root:Train acc: 0.985
INFO:root:Train loss: 0.402
INFO:root:Val acc: 0.358
INFO:root:Val loss: 2.387
INFO:root:Epoch: 132/200
INFO:root:Train acc: 0.986
INFO:root:Train loss: 0.399
INFO:root:Val acc: 0.357
INFO:root:Val loss: 2.400
INFO:root:Epoch: 133/200
INFO:root:Train acc: 0.986
INFO:root:Train loss: 0.398
INFO:root:Val acc: 0.358
INFO:root:Val loss: 2.412
INFO:root:Epoch: 134/200
INFO:root:Train acc: 0.986
INFO:root:Train loss: 0.397
INFO:root:Val acc: 0.357
INFO:root:Val loss: 2.427
INFO:root:Epoch: 135/200
INFO:root:Train acc: 0.986
INFO:root:Train loss: 0.396
INFO:root:Val acc: 0.359
INFO:root:Val loss: 2.439
INFO:root:Saving model weights at epoch 135
INFO:root:Saving model parameters at epoch 135
INFO:root:Epoch: 136/200
INFO:root:Train acc: 0.988
INFO:root:Train loss: 0.394
INFO:root:Val acc: 0.358
INFO:root:Val loss: 2.452
INFO:root:Epoch: 137/200
INFO:root:Train acc: 0.988
INFO:root:Train loss: 0.394
INFO:root:Val acc: 0.357
INFO:root:Val loss: 2.462
INFO:root:Epoch: 138/200
INFO:root:Train acc: 0.988
INFO:root:Train loss: 0.393
INFO:root:Val acc: 0.357
INFO:root:Val loss: 2.475
INFO:root:Epoch: 139/200
INFO:root:Train acc: 0.990
INFO:root:Train loss: 0.391
INFO:root:Val acc: 0.360
INFO:root:Val loss: 2.490
INFO:root:Epoch: 140/200
INFO:root:Train acc: 0.990
INFO:root:Train loss: 0.391
INFO:root:Val acc: 0.359
INFO:root:Val loss: 2.503
INFO:root:Saving model weights at epoch 140
INFO:root:Saving model parameters at epoch 140
INFO:root:Epoch: 141/200
INFO:root:Train acc: 0.990
INFO:root:Train loss: 0.389
INFO:root:Val acc: 0.356
INFO:root:Val loss: 2.515
INFO:root:Epoch: 142/200
INFO:root:Train acc: 0.991
INFO:root:Train loss: 0.388
INFO:root:Val acc: 0.358
INFO:root:Val loss: 2.527
INFO:root:Epoch: 143/200
INFO:root:Train acc: 0.991
INFO:root:Train loss: 0.386
INFO:root:Val acc: 0.360
INFO:root:Val loss: 2.541
INFO:root:Epoch: 144/200
INFO:root:Train acc: 0.991
INFO:root:Train loss: 0.386
INFO:root:Val acc: 0.359
INFO:root:Val loss: 2.554
INFO:root:Epoch: 145/200
INFO:root:Train acc: 0.992
INFO:root:Train loss: 0.384
INFO:root:Val acc: 0.358
INFO:root:Val loss: 2.564
INFO:root:Saving model weights at epoch 145
INFO:root:Saving model parameters at epoch 145
INFO:root:Epoch: 146/200
INFO:root:Train acc: 0.992
INFO:root:Train loss: 0.383
INFO:root:Val acc: 0.359
INFO:root:Val loss: 2.577
INFO:root:Epoch: 147/200
INFO:root:Train acc: 0.993
INFO:root:Train loss: 0.382
INFO:root:Val acc: 0.355
INFO:root:Val loss: 2.590
INFO:root:Epoch: 148/200
INFO:root:Train acc: 0.993
INFO:root:Train loss: 0.381
INFO:root:Val acc: 0.358
INFO:root:Val loss: 2.600
INFO:root:Epoch: 149/200
INFO:root:Train acc: 0.993
INFO:root:Train loss: 0.380
INFO:root:Val acc: 0.357
INFO:root:Val loss: 2.613
INFO:root:Epoch: 150/200
INFO:root:Train acc: 0.993
INFO:root:Train loss: 0.380
INFO:root:Val acc: 0.359
INFO:root:Val loss: 2.628
INFO:root:Saving model weights at epoch 150
INFO:root:Saving model parameters at epoch 150
INFO:root:Epoch: 151/200
INFO:root:Train acc: 0.993
INFO:root:Train loss: 0.378
INFO:root:Val acc: 0.360
INFO:root:Val loss: 2.642
INFO:root:Epoch: 152/200
INFO:root:Train acc: 0.994
INFO:root:Train loss: 0.378
INFO:root:Val acc: 0.362
INFO:root:Val loss: 2.652
INFO:root:Epoch: 153/200
INFO:root:Train acc: 0.994
INFO:root:Train loss: 0.375
INFO:root:Val acc: 0.359
INFO:root:Val loss: 2.664
INFO:root:Epoch: 154/200
INFO:root:Train acc: 0.993
INFO:root:Train loss: 0.376
INFO:root:Val acc: 0.360
INFO:root:Val loss: 2.675
INFO:root:Epoch: 155/200
INFO:root:Train acc: 0.994
INFO:root:Train loss: 0.375
INFO:root:Val acc: 0.361
INFO:root:Val loss: 2.688
INFO:root:Saving model weights at epoch 155
INFO:root:Saving model parameters at epoch 155
INFO:root:Epoch: 156/200
INFO:root:Train acc: 0.995
INFO:root:Train loss: 0.373
INFO:root:Val acc: 0.359
INFO:root:Val loss: 2.699
INFO:root:Epoch: 157/200
INFO:root:Train acc: 0.994
INFO:root:Train loss: 0.373
INFO:root:Val acc: 0.360
INFO:root:Val loss: 2.710
INFO:root:Epoch: 158/200
INFO:root:Train acc: 0.995
INFO:root:Train loss: 0.372
INFO:root:Val acc: 0.359
INFO:root:Val loss: 2.724
INFO:root:Epoch: 159/200
INFO:root:Train acc: 0.995
INFO:root:Train loss: 0.372
INFO:root:Val acc: 0.360
INFO:root:Val loss: 2.736
INFO:root:Epoch: 160/200
INFO:root:Train acc: 0.995
INFO:root:Train loss: 0.370
INFO:root:Val acc: 0.360
INFO:root:Val loss: 2.748
INFO:root:Saving model weights at epoch 160
INFO:root:Saving model parameters at epoch 160
INFO:root:Epoch: 161/200
INFO:root:Train acc: 0.996
INFO:root:Train loss: 0.370
INFO:root:Val acc: 0.362
INFO:root:Val loss: 2.757
INFO:root:Epoch: 162/200
INFO:root:Train acc: 0.996
INFO:root:Train loss: 0.369
INFO:root:Val acc: 0.359
INFO:root:Val loss: 2.769
INFO:root:Epoch: 163/200
INFO:root:Train acc: 0.996
INFO:root:Train loss: 0.368
INFO:root:Val acc: 0.359
INFO:root:Val loss: 2.782
INFO:root:Epoch: 164/200
INFO:root:Train acc: 0.996
INFO:root:Train loss: 0.369
INFO:root:Val acc: 0.359
INFO:root:Val loss: 2.792
INFO:root:Epoch: 165/200
INFO:root:Train acc: 0.996
INFO:root:Train loss: 0.367
INFO:root:Val acc: 0.360
INFO:root:Val loss: 2.801
INFO:root:Saving model weights at epoch 165
INFO:root:Saving model parameters at epoch 165
INFO:root:Epoch: 166/200
INFO:root:Train acc: 0.996
INFO:root:Train loss: 0.366
INFO:root:Val acc: 0.361
INFO:root:Val loss: 2.813
INFO:root:Epoch: 167/200
INFO:root:Train acc: 0.996
INFO:root:Train loss: 0.366
INFO:root:Val acc: 0.363
INFO:root:Val loss: 2.823
INFO:root:Epoch: 168/200
INFO:root:Train acc: 0.997
INFO:root:Train loss: 0.365
INFO:root:Val acc: 0.360
INFO:root:Val loss: 2.836
INFO:root:Epoch: 169/200
INFO:root:Train acc: 0.997
INFO:root:Train loss: 0.364
INFO:root:Val acc: 0.360
INFO:root:Val loss: 2.846
INFO:root:Epoch: 170/200
INFO:root:Train acc: 0.997
INFO:root:Train loss: 0.363
INFO:root:Val acc: 0.360
INFO:root:Val loss: 2.855
INFO:root:Saving model weights at epoch 170
INFO:root:Saving model parameters at epoch 170
INFO:root:Epoch: 171/200
INFO:root:Train acc: 0.997
INFO:root:Train loss: 0.363
INFO:root:Val acc: 0.360
INFO:root:Val loss: 2.867
INFO:root:Epoch: 172/200
INFO:root:Train acc: 0.997
INFO:root:Train loss: 0.362
INFO:root:Val acc: 0.362
INFO:root:Val loss: 2.881
INFO:root:Epoch: 173/200
INFO:root:Train acc: 0.997
INFO:root:Train loss: 0.362
INFO:root:Val acc: 0.361
INFO:root:Val loss: 2.890
INFO:root:Epoch: 174/200
INFO:root:Train acc: 0.997
INFO:root:Train loss: 0.361
INFO:root:Val acc: 0.359
INFO:root:Val loss: 2.899
INFO:root:Epoch: 175/200
INFO:root:Train acc: 0.997
INFO:root:Train loss: 0.360
INFO:root:Val acc: 0.361
INFO:root:Val loss: 2.911
INFO:root:Saving model weights at epoch 175
INFO:root:Saving model parameters at epoch 175
INFO:root:Epoch: 176/200
INFO:root:Train acc: 0.998
INFO:root:Train loss: 0.360
INFO:root:Val acc: 0.362
INFO:root:Val loss: 2.921
INFO:root:Epoch: 177/200
INFO:root:Train acc: 0.997
INFO:root:Train loss: 0.360
INFO:root:Val acc: 0.361
INFO:root:Val loss: 2.932
INFO:root:Epoch: 178/200
INFO:root:Train acc: 0.997
INFO:root:Train loss: 0.359
INFO:root:Val acc: 0.358
INFO:root:Val loss: 2.944
INFO:root:Epoch: 179/200
INFO:root:Train acc: 0.998
INFO:root:Train loss: 0.358
INFO:root:Val acc: 0.358
INFO:root:Val loss: 2.951
INFO:root:Epoch: 180/200
INFO:root:Train acc: 0.998
INFO:root:Train loss: 0.358
INFO:root:Val acc: 0.360
INFO:root:Val loss: 2.963
INFO:root:Saving model weights at epoch 180
INFO:root:Saving model parameters at epoch 180
INFO:root:Epoch: 181/200
INFO:root:Train acc: 0.997
INFO:root:Train loss: 0.358
INFO:root:Val acc: 0.360
INFO:root:Val loss: 2.976
INFO:root:Epoch: 182/200
INFO:root:Train acc: 0.998
INFO:root:Train loss: 0.357
INFO:root:Val acc: 0.362
INFO:root:Val loss: 2.988
INFO:root:Epoch: 183/200
INFO:root:Train acc: 0.998
INFO:root:Train loss: 0.357
INFO:root:Val acc: 0.358
INFO:root:Val loss: 2.993
INFO:root:Epoch: 184/200
INFO:root:Train acc: 0.998
INFO:root:Train loss: 0.356
INFO:root:Val acc: 0.361
INFO:root:Val loss: 3.006
INFO:root:Epoch: 185/200
INFO:root:Train acc: 0.998
INFO:root:Train loss: 0.356
INFO:root:Val acc: 0.360
INFO:root:Val loss: 3.013
INFO:root:Saving model weights at epoch 185
INFO:root:Saving model parameters at epoch 185
INFO:root:Epoch: 186/200
INFO:root:Train acc: 0.998
INFO:root:Train loss: 0.355
INFO:root:Val acc: 0.360
INFO:root:Val loss: 3.021
INFO:root:Epoch: 187/200
INFO:root:Train acc: 0.998
INFO:root:Train loss: 0.355
INFO:root:Val acc: 0.361
INFO:root:Val loss: 3.031
INFO:root:Epoch: 188/200
INFO:root:Train acc: 0.998
INFO:root:Train loss: 0.355
INFO:root:Val acc: 0.362
INFO:root:Val loss: 3.040
INFO:root:Epoch: 189/200
INFO:root:Train acc: 0.998
INFO:root:Train loss: 0.354
INFO:root:Val acc: 0.362
INFO:root:Val loss: 3.051
INFO:root:Epoch: 190/200
INFO:root:Train acc: 0.998
INFO:root:Train loss: 0.353
INFO:root:Val acc: 0.360
INFO:root:Val loss: 3.063
INFO:root:Saving model weights at epoch 190
INFO:root:Saving model parameters at epoch 190
INFO:root:Epoch: 191/200
INFO:root:Train acc: 0.998
INFO:root:Train loss: 0.353
INFO:root:Val acc: 0.362
INFO:root:Val loss: 3.069
INFO:root:Epoch: 192/200
INFO:root:Train acc: 0.998
INFO:root:Train loss: 0.353
INFO:root:Val acc: 0.363
INFO:root:Val loss: 3.075
INFO:root:Epoch: 193/200
INFO:root:Train acc: 0.998
INFO:root:Train loss: 0.352
INFO:root:Val acc: 0.361
INFO:root:Val loss: 3.086
INFO:root:Epoch: 194/200
INFO:root:Train acc: 0.999
INFO:root:Train loss: 0.352
INFO:root:Val acc: 0.361
INFO:root:Val loss: 3.095
INFO:root:Epoch: 195/200
INFO:root:Train acc: 0.999
INFO:root:Train loss: 0.352
INFO:root:Val acc: 0.361
INFO:root:Val loss: 3.102
INFO:root:Saving model weights at epoch 195
INFO:root:Saving model parameters at epoch 195
INFO:root:Epoch: 196/200
INFO:root:Train acc: 0.999
INFO:root:Train loss: 0.352
INFO:root:Val acc: 0.362
INFO:root:Val loss: 3.114
INFO:root:Epoch: 197/200
INFO:root:Train acc: 0.999
INFO:root:Train loss: 0.351
INFO:root:Val acc: 0.360
INFO:root:Val loss: 3.121
INFO:root:Epoch: 198/200
INFO:root:Train acc: 0.998
INFO:root:Train loss: 0.350
INFO:root:Val acc: 0.360
INFO:root:Val loss: 3.129
INFO:root:Epoch: 199/200
INFO:root:Train acc: 0.999
INFO:root:Train loss: 0.350
INFO:root:Val acc: 0.363
INFO:root:Val loss: 3.139
INFO:root:Epoch: 200/200
INFO:root:Train acc: 0.999
INFO:root:Train loss: 0.349
INFO:root:Val acc: 0.362
INFO:root:Val loss: 3.146
INFO:root:Saving model weights at epoch 200
INFO:root:Saving model parameters at epoch 200
INFO:root:Optimization finished after 200 epochs for lambda: 0.008
INFO:root:Plotting number of non-negative dimensions as a function of time for lambda: 0.008
INFO:root:Plotting model performances over time across all lambda values
